Build started 29/12/2014 15:42:32.
     1>Project "c:\Users\aisolve\documents\visual studio 2010\Projects\bufferCircular\bufferCircular\bufferCircular.vcxproj" on node 2 (build target(s)).
     1>InitializeBuildStatus:
         Creating "Debug\bufferCircular.unsuccessfulbuild" because "AlwaysCreate" was specified.
       ClCompile:
         All outputs are up-to-date.
         C:\Program Files (x86)\Microsoft Visual Studio 10.0\VC\bin\CL.exe /c /IF:\buffer\boost_1_55_0\boost_1_55_0 /ZI /nologo /W3 /WX- /Od /Oy- /D WIN32 /D _DEBUG /D _CONSOLE /D _UNICODE /D UNICODE /Gm /EHsc /RTC1 /MDd /GS /fp:precise /Zc:wchar_t /Zc:forScope /Yu"StdAfx.h" /Fp"Debug\bufferCircular.pch" /Fo"Debug\\" /Fd"Debug\vc100.pdb" /Gd /TP /analyze- /errorReport:prompt bufferCircular.cpp
         bufferCircular.cpp
       ManifestResourceCompile:
         All outputs are up-to-date.
       Link:
         C:\Program Files (x86)\Microsoft Visual Studio 10.0\VC\bin\link.exe /ERRORREPORT:PROMPT /OUT:"c:\users\aisolve\documents\visual studio 2010\Projects\bufferCircular\Debug\bufferCircular.exe" /INCREMENTAL /NOLOGO /LIBPATH:"F:\buffer\boost_1_55_0bin\lib32-msvc-10.0" kernel32.lib user32.lib gdi32.lib winspool.lib comdlg32.lib advapi32.lib shell32.lib ole32.lib oleaut32.lib uuid.lib odbc32.lib odbccp32.lib /MANIFEST /ManifestFile:"Debug\bufferCircular.exe.intermediate.manifest" /MANIFESTUAC:"level='asInvoker' uiAccess='false'" /DEBUG /PDB:"c:\users\aisolve\documents\visual studio 2010\Projects\bufferCircular\Debug\bufferCircular.pdb" /SUBSYSTEM:CONSOLE /TLBID:1 /DYNAMICBASE /NXCOMPAT /IMPLIB:"c:\users\aisolve\documents\visual studio 2010\Projects\bufferCircular\Debug\bufferCircular.lib" /MACHINE:X86 Debug\bufferCircular.exe.embed.manifest.res
         Debug\bufferCircular.obj
         Debug\Circbuffer.obj
         Debug\stdafx.obj
       Manifest:
         C:\Program Files (x86)\Microsoft SDKs\Windows\v7.0A\bin\mt.exe /nologo /verbose /out:"Debug\bufferCircular.exe.embed.manifest" /manifest Debug\bufferCircular.exe.intermediate.manifest
         All outputs are up-to-date.
       LinkEmbedManifest:
         All outputs are up-to-date.
         bufferCircular.vcxproj -> c:\users\aisolve\documents\visual studio 2010\Projects\bufferCircular\Debug\bufferCircular.exe
       FinalizeBuildStatus:
         Deleting file "Debug\bufferCircular.unsuccessfulbuild".
         Touching "Debug\bufferCircular.lastbuildstate".
     1>Done Building Project "c:\Users\aisolve\documents\visual studio 2010\Projects\bufferCircular\bufferCircular\bufferCircular.vcxproj" (build target(s)).

Build succeeded.

Time Elapsed 00:00:02.27
